<?xml version="1.0" encoding="UTF-8"?>
<!-- Generated by org.testng.reporters.JUnitXMLReporter -->
<testsuite ignored="0" hostname="LAPTOP-N7IO4VB7" failures="1" tests="3" name="Submit Order Test" time="12.516" errors="0" timestamp="2024-06-04T14:12:54 IST">
  <testcase classname="nikhilautomation.tests.ErrorValidation" name="Login_Error_Validation" time="1.662"/>
  <testcase classname="nikhilautomation.tests.ErrorValidation" name="Product_Error_Validation" time="0.957">
    <skipped/>
  </testcase> <!-- Product_Error_Validation -->
  <testcase classname="nikhilautomation.tests.ErrorValidation" name="Product_Error_Validation" time="1.072">
    <failure type="java.lang.NullPointerException" message="Cannot invoke &amp;quot;org.openqa.selenium.WebElement.findElement(org.openqa.selenium.By)&amp;quot; because &amp;quot;desiredProduct&amp;quot; is null">
      <![CDATA[java.lang.NullPointerException: Cannot invoke "org.openqa.selenium.WebElement.findElement(org.openqa.selenium.By)" because "desiredProduct" is null
at nikhilautomation.pageobjects.ProductCatalogue.addProductToCart(ProductCatalogue.java:42)
at nikhilautomation.tests.ErrorValidation.Product_Error_Validation(ErrorValidation.java:34)
at java.base/java.util.ArrayList.forEach(ArrayList.java:1597)
... Removed 25 stack frames]]>
    </failure>
  </testcase> <!-- Product_Error_Validation -->
</testsuite> <!-- Submit Order Test -->
